build/app/outputs/mapping/release/mapping.txt
# compiler: R8
# compiler_version: 1.5.69
# min_api: 21
# pg_map_id: da1962a
...
io.flutter.embedding.android.FlutterImageView -> io.flutter.embedding.android.j:
    io.flutter.embedding.engine.renderer.FlutterRenderer flutterRenderer -> e
    android.media.Image currentImage -> c
    io.flutter.embedding.android.FlutterImageView$SurfaceKind kind -> f
    android.graphics.Bitmap currentBitmap -> d
    boolean isAttachedToFlutterRenderer -> g
    android.media.ImageReader imageReader -> b
    void attachToRenderer(io.flutter.embedding.engine.renderer.FlutterRenderer) -> a
    void pause() -> a
    void resizeIfNeeded(int,int) -> a
    android.media.ImageReader createImageReader(int,int) -> b
    void detachFromRenderer() -> b
    boolean acquireLatestImage() -> c
    void closeCurrentImage() -> d
    void init() -> e
    void updateCurrentBitmap() -> f
io.flutter.embedding.android.FlutterImageView$1 -> io.flutter.embedding.android.j$a:
    int[] $SwitchMap$io$flutter$embedding$android$FlutterImageView$SurfaceKind -> a
io.flutter.embedding.android.FlutterImageView$SurfaceKind -> io.flutter.embedding.android.j$b:
    io.flutter.embedding.android.FlutterImageView$SurfaceKind[] $VALUES -> d
    io.flutter.embedding.android.FlutterImageView$SurfaceKind overlay -> c
    io.flutter.embedding.android.FlutterImageView$SurfaceKind background -> b
io.flutter.embedding.android.FlutterSplashView -> io.flutter.embedding.android.FlutterSplashView:
    java.lang.String previousCompletedSplashIsolate -> g
    java.lang.String transitioningIsolateId -> f
    io.flutter.embedding.android.SplashScreen splashScreen -> b
    java.lang.String TAG -> k
    io.flutter.embedding.android.FlutterView flutterView -> c
    android.os.Bundle splashScreenState -> e
    io.flutter.embedding.engine.renderer.FlutterUiDisplayListener flutterUiDisplayListener -> i
    io.flutter.embedding.android.FlutterView$FlutterEngineAttachmentListener flutterEngineAttachmentListener -> h
    java.lang.Runnable onTransitionComplete -> j
    android.view.View splashScreenView -> d
    io.flutter.embedding.android.FlutterView access$000(io.flutter.embedding.android.FlutterSplashView) -> a
    java.lang.String access$402(io.flutter.embedding.android.FlutterSplashView,java.lang.String) -> a
    void displayFlutterViewWithSplash(io.flutter.embedding.android.FlutterView,io.flutter.embedding.android.SplashScreen) -> a
    boolean hasSplashCompleted() -> a
    io.flutter.embedding.android.SplashScreen access$100(io.flutter.embedding.android.FlutterSplashView) -> b
    boolean isSplashScreenNeededNow() -> b
    void access$200(io.flutter.embedding.android.FlutterSplashView) -> c
    boolean isSplashScreenTransitionNeededNow() -> c
    android.view.View access$300(io.flutter.embedding.android.FlutterSplashView) -> d
    void transitionToFlutter() -> d
io.flutter.embedding.android.FlutterSplashView$1 -> io.flutter.embedding.android.FlutterSplashView$a:
    io.flutter.embedding.android.FlutterSplashView this$0 -> a
    void onFlutterEngineAttachedToFlutterView(io.flutter.embedding.engine.FlutterEngine) -> a
    void onFlutterEngineDetachedFromFlutterView() -> a
io.flutter.embedding.android.FlutterSplashView$2 -> io.flutter.embedding.android.FlutterSplashView$b:
    io.flutter.embedding.android.FlutterSplashView this$0 -> a
    void onFlutterUiNoLongerDisplayed() -> b
    void onFlutterUiDisplayed() -> c
io.flutter.embedding.android.FlutterSplashView$3 -> io.flutter.embedding.android.FlutterSplashView$c:
    io.flutter.embedding.android.FlutterSplashView this$0 -> b
io.flutter.embedding.android.FlutterSplashView$SavedState$1 -> io.flutter.embedding.android.FlutterSplashView$SavedState$a: